<?xml version="1.0" encoding="UTF-8"?>
<!-- Generated by org.testng.reporters.JUnitReportReporter -->
<testsuite skipped="0" hostname="DESKTOP-J2S5NQC" name="StudyAbroad.specializationcomponent" tests="3" failures="0" timestamp="02 Jan 2019 12:57:57 GMT" time="16.961" errors="0">
  <testcase name="Createspecializationcomponent" time="11.151" classname="StudyAbroad.specializationcomponent"/>
  <testcase name="Editspecializationcomponent" time="4.665" classname="StudyAbroad.specializationcomponent"/>
  <testcase name="Deletespecializationcomponent" time="1.145" classname="StudyAbroad.specializationcomponent"/>
</testsuite> <!-- StudyAbroad.specializationcomponent -->
