<?xml version="1.0" encoding="UTF-8"?>
<!-- Generated by org.testng.reporters.JUnitReportReporter -->
<testsuite skipped="0" hostname="DESKTOP-J2S5NQC" name="StudyAbroad.Course" tests="1" failures="0" timestamp="03 Nov 2018 12:27:56 GMT" time="10.996" errors="0">
  <testcase name="CreateCourse" time="10.996" classname="StudyAbroad.Course"/>
</testsuite> <!-- StudyAbroad.Course -->
