<?xml version="1.0" encoding="UTF-8"?>
<!-- Generated by org.testng.reporters.JUnitReportReporter -->
<testsuite skipped="0" hostname="DESKTOP-J2S5NQC" name="StudyAbroad.HomePage" tests="2" failures="0" timestamp="21 Dec 2018 06:41:06 GMT" time="36.301" errors="0">
  <testcase name="basePageNavigation" time="27.274" classname="StudyAbroad.HomePage"/>
  <testcase name="basePageNavigation" time="9.027" classname="StudyAbroad.HomePage"/>
</testsuite> <!-- StudyAbroad.HomePage -->
