<?xml version="1.0" encoding="UTF-8"?>
<!-- Generated by org.testng.reporters.JUnitReportReporter -->
<testsuite skipped="0" hostname="DESKTOP-J2S5NQC" name="StudyAbroad.Specialization" tests="3" failures="0" timestamp="30 Dec 2018 18:14:31 GMT" time="41.105" errors="0">
  <testcase name="CreateSpecialization" time="30.322" classname="StudyAbroad.Specialization"/>
  <testcase name="EditSpecialization" time="8.566" classname="StudyAbroad.Specialization"/>
  <testcase name="DeleteSpecialzation" time="2.217" classname="StudyAbroad.Specialization"/>
</testsuite> <!-- StudyAbroad.Specialization -->
