<?xml version="1.0" encoding="UTF-8"?>
<!-- Generated by org.testng.reporters.JUnitReportReporter -->
<testsuite skipped="0" hostname="DESKTOP-J2S5NQC" name="StudyAbroad.Specialization" tests="3" failures="0" timestamp="02 Jan 2019 10:38:41 GMT" time="40.527" errors="0">
  <testcase name="CreateSpecialization" time="29.825" classname="StudyAbroad.Specialization"/>
  <testcase name="EditSpecialization" time="8.535" classname="StudyAbroad.Specialization"/>
  <testcase name="DeleteSpecialzation" time="2.167" classname="StudyAbroad.Specialization"/>
</testsuite> <!-- StudyAbroad.Specialization -->
