<?xml version="1.0" encoding="UTF-8"?>
<!-- Generated by org.testng.reporters.JUnitReportReporter -->
<testsuite skipped="0" hostname="DESKTOP-J2S5NQC" name="StudyAbroad.Course" tests="1" failures="0" timestamp="04 Jan 2019 05:56:07 GMT" time="9.070" errors="0">
  <testcase name="CreateCourse" time="9.070" classname="StudyAbroad.Course"/>
</testsuite> <!-- StudyAbroad.Course -->
