<?xml version="1.0" encoding="UTF-8"?>
<!-- Generated by org.testng.reporters.JUnitReportReporter -->
<testsuite skipped="0" hostname="DESKTOP-J2S5NQC" name="StudyAbroad.validatetitle" tests="1" failures="0" timestamp="18 Oct 2018 10:52:49 GMT" time="0.054" errors="0">
  <testcase name="validateAppTitle" time="0.054" classname="StudyAbroad.validatetitle"/>
</testsuite> <!-- StudyAbroad.validatetitle -->
