<?xml version="1.0" encoding="UTF-8"?>
<!-- Generated by org.testng.reporters.JUnitReportReporter -->
<testsuite skipped="2" hostname="DESKTOP-J2S5NQC" name="StudyAbroad.Education" tests="3" failures="0" timestamp="04 Jan 2019 05:40:28 GMT" time="10.301" errors="0">
  <testcase name="CreateEducation" time="10.301" classname="StudyAbroad.Education"/>
  <testcase name="deleteeducation" classname="StudyAbroad.Education">
    <skipped/>
  </testcase> <!-- deleteeducation -->
  <testcase name="editeducation" classname="StudyAbroad.Education">
    <skipped/>
  </testcase> <!-- editeducation -->
</testsuite> <!-- StudyAbroad.Education -->
