<?xml version="1.0" encoding="UTF-8"?>
<!-- Generated by org.testng.reporters.JUnitReportReporter -->
<testsuite skipped="0" hostname="DESKTOP-J2S5NQC" name="StudyAbroad.Specialization" tests="3" failures="0" timestamp="02 Jan 2019 12:57:57 GMT" time="21.628" errors="0">
  <testcase name="CreateSpecialization" time="15.811" classname="StudyAbroad.Specialization"/>
  <testcase name="EditSpecialization" time="4.601" classname="StudyAbroad.Specialization"/>
  <testcase name="DeleteSpecialzation" time="1.216" classname="StudyAbroad.Specialization"/>
</testsuite> <!-- StudyAbroad.Specialization -->
