<?xml version="1.0" encoding="UTF-8"?>
<!-- Generated by org.testng.reporters.JUnitReportReporter -->
<testsuite skipped="0" hostname="DESKTOP-J2S5NQC" name="StudyAbroad.specializationcomponent" tests="3" failures="0" timestamp="04 Jan 2019 05:49:53 GMT" time="8.533" errors="0">
  <testcase name="Createspecializationcomponent" time="5.565" classname="StudyAbroad.specializationcomponent"/>
  <testcase name="Editspecializationcomponent" time="2.369" classname="StudyAbroad.specializationcomponent"/>
  <testcase name="Deletespecializationcomponent" time="0.599" classname="StudyAbroad.specializationcomponent"/>
</testsuite> <!-- StudyAbroad.specializationcomponent -->
