<?xml version="1.0" encoding="UTF-8"?>
<!-- Generated by org.testng.reporters.JUnitReportReporter -->
<testsuite skipped="0" hostname="DESKTOP-J2S5NQC" name="StudyAbroad.Branch" tests="12" failures="0" timestamp="04 Jan 2019 05:47:43 GMT" time="61.716" errors="0">
  <testcase name="CreateBranch" time="24.376" classname="StudyAbroad.Branch"/>
  <testcase name="EditBranch" time="5.698" classname="StudyAbroad.Branch"/>
  <testcase name="ViewBranch" time="2.210" classname="StudyAbroad.Branch"/>
  <testcase name="CreateBranchPhonenumber" time="3.730" classname="StudyAbroad.Branch"/>
  <testcase name="EditBranchPhonenumber" time="4.881" classname="StudyAbroad.Branch"/>
  <testcase name="DeleteBranchPhonenumber" time="2.367" classname="StudyAbroad.Branch"/>
  <testcase name="CreateBranchEmailId" time="3.741" classname="StudyAbroad.Branch"/>
  <testcase name="EditBranchEmailId" time="4.821" classname="StudyAbroad.Branch"/>
  <testcase name="DeleteBranchEmailId" time="1.770" classname="StudyAbroad.Branch"/>
  <testcase name="DeleteBranch" time="5.102" classname="StudyAbroad.Branch"/>
  <testcase name="AssignBranchIncharge" time="2.438" classname="StudyAbroad.Branch"/>
  <testcase name="DeleteBranchIncharge" time="0.582" classname="StudyAbroad.Branch"/>
</testsuite> <!-- StudyAbroad.Branch -->
