<?xml version="1.0" encoding="UTF-8"?>
<!-- Generated by org.testng.reporters.JUnitReportReporter -->
<testsuite hostname="DESKTOP-J2S5NQC" name="StudyAbroad.validatetitle" tests="1" failures="0" timestamp="7 Oct 2018 21:36:35 GMT" time="0.058" errors="0">
  <testcase name="validateAppTitle" time="0.058" classname="StudyAbroad.validatetitle"/>
</testsuite> <!-- StudyAbroad.validatetitle -->
